This is LuaHBTeX, Version 1.13.2 (TeX Live 2021/W32TeX)  (format=lualatex 2021.10.13)  14 OCT 2021 01:32
 restricted system commands enabled.
**EMP-Reports.tex
(./EMP-Reports.tex
LaTeX2e <2021-06-01> patch level 1
Lua module: luaotfload 2021-05-21 3.18 Lua based OpenType font support
Lua module: lualibs 2021-05-20 2.74 ConTeXt Lua standard libraries.
Lua module: lualibs-extended 2021-05-20 2.74 ConTeXt Lua libraries -- extended c
ollection.
luaotfload | conf : Root cache directory is "C:/Users/sperry/AppData/Roaming/Tin
yTeX/texmf-var/luatex-cache/generic/names".
luaotfload | init : Loading fontloader "fontloader-2021-05-20.lua" from kpse-res
olved path "c:/Users/sperry/AppData/Roaming/TinyTeX/texmf-dist/tex/luatex/luaotf
load/fontloader-2021-05-20.lua".
Lua-only attribute luaotfload@noligature = 1
Lua-only attribute luaotfload@syllabe = 2
luaotfload | init : Context OpenType loader version 3.116
Inserting `luaotfload.node_processor' at position 1 in `pre_linebreak_filter'.
Inserting `luaotfload.node_processor' at position 1 in `hpack_filter'.
Inserting `luaotfload.glyph_stream' at position 1 in `glyph_stream_provider'.
Inserting `luaotfload.define_font' at position 1 in `define_font'.
Lua-only attribute luaotfload_color_attribute = 3
luaotfload | conf : Root cache directory is "C:/Users/sperry/AppData/Roaming/Tin
yTeX/texmf-var/luatex-cache/generic/names".
Inserting `luaotfload.harf.strip_prefix' at position 1 in `find_opentype_file'.
Inserting `luaotfload.harf.strip_prefix' at position 1 in `find_truetype_file'.
Inserting `luaotfload.harf.finalize_vlist' at position 1 in `post_linebreak_filt
er'.
Inserting `luaotfload.harf.finalize_hlist' at position 2 in `hpack_filter'.
Inserting `luaotfload.cleanup_files' at position 1 in `wrapup_run'.
Inserting `luaotfload.harf.finalize_unicode' at position 1 in `finish_pdffile'.
Inserting `luaotfload.glyphinfo' at position 1 in `glyph_info'.
Lua-only attribute luaotfload.letterspace_done = 4
Inserting `luaotfload.aux.set_sscale_dimens' at position 1 in `luaotfload.patch_
font'.
Inserting `luaotfload.aux.set_font_index' at position 2 in `luaotfload.patch_fon
t'.
Inserting `luaotfload.aux.patch_cambria_domh' at position 3 in `luaotfload.patch
_font'.
Inserting `luaotfload.aux.fixup_fontdata' at position 1 in `luaotfload.patch_fon
t_unsafe'.
Inserting `luaotfload.aux.set_capheight' at position 4 in `luaotfload.patch_font
'.
Inserting `luaotfload.aux.set_xheight' at position 5 in `luaotfload.patch_font'.
Inserting `luaotfload.rewrite_fontname' at position 6 in `luaotfload.patch_font'
. L3 programming layer <2021-10-12>
Inserting `tracingstacklevels' at position 1 in `input_level_string'. (c:/Users
/sperry/AppData/Roaming/TinyTeX/texmf-dist/tex/latex/base/article.cls
Document Class: article 2021/02/12 v1.4n Standard LaTeX document class
(c:/Users/sperry/AppData/Roaming/TinyTeX/texmf-dist/tex/latex/base/size10.clo
File: size10.clo 2021/02/12 v1.4n Standard LaTeX file (size option)
luaotfload | db : Font names database loaded from C:/Users/sperry/AppData/Roamin
g/TinyTeX/texmf-var/luatex-cache/generic/names/luaotfload-names.luc)
\c@part=\count179
\c@section=\count180
\c@subsection=\count181
\c@subsubsection=\count182
\c@paragraph=\count183
\c@subparagraph=\count184
\c@figure=\count185
\c@table=\count186
\abovecaptionskip=\skip47
\belowcaptionskip=\skip48
\bibindent=\dimen138
) (c:/Users/sperry/AppData/Roaming/TinyTeX/texmf-dist/tex/latex/lm/lmodern.sty
Package: lmodern 2015/05/01 v1.6.1 Latin Modern Fonts
LaTeX Font Info:    Overwriting symbol font `operators' in version `normal'
(Font)                  OT1/cmr/m/n --> OT1/lmr/m/n on input line 22.
LaTeX Font Info:    Overwriting symbol font `letters' in version `normal'
(Font)                  OML/cmm/m/it --> OML/lmm/m/it on input line 23.
LaTeX Font Info:    Overwriting symbol font `symbols' in version `normal'
(Font)                  OMS/cmsy/m/n --> OMS/lmsy/m/n on input line 24.
LaTeX Font Info:    Overwriting symbol font `largesymbols' in version `normal'
(Font)                  OMX/cmex/m/n --> OMX/lmex/m/n on input line 25.
LaTeX Font Info:    Overwriting symbol font `operators' in version `bold'
(Font)                  OT1/cmr/bx/n --> OT1/lmr/bx/n on input line 26.
LaTeX Font Info:    Overwriting symbol font `letters' in version `bold'
(Font)                  OML/cmm/b/it --> OML/lmm/b/it on input line 27.
LaTeX Font Info:    Overwriting symbol font `symbols' in version `bold'
(Font)                  OMS/cmsy/b/n --> OMS/lmsy/b/n on input line 28.
LaTeX Font Info:    Overwriting symbol font `largesymbols' in version `bold'
(Font)                  OMX/cmex/m/n --> OMX/lmex/m/n on input line 29.
LaTeX Font Info:    Overwriting math alphabet `\mathbf' in version `normal'
(Font)                  OT1/cmr/bx/n --> OT1/lmr/bx/n on input line 31.
LaTeX Font Info:    Overwriting math alphabet `\mathsf' in version `normal'
(Font)                  OT1/cmss/m/n --> OT1/lmss/m/n on input line 32.
LaTeX Font Info:    Overwriting math alphabet `\mathit' in version `normal'
(Font)                  OT1/cmr/m/it --> OT1/lmr/m/it on input line 33.
LaTeX Font Info:    Overwriting math alphabet `\mathtt' in version `normal'
(Font)                  OT1/cmtt/m/n --> OT1/lmtt/m/n on input line 34.
LaTeX Font Info:    Overwriting math alphabet `\mathbf' in version `bold'
(Font)                  OT1/cmr/bx/n --> OT1/lmr/bx/n on input line 35.
LaTeX Font Info:    Overwriting math alphabet `\mathsf' in version `bold'
(Font)                  OT1/cmss/bx/n --> OT1/lmss/bx/n on input line 36.
LaTeX Font Info:    Overwriting math alphabet `\mathit' in version `bold'
(Font)                  OT1/cmr/bx/it --> OT1/lmr/bx/it on input line 37.
LaTeX Font Info:    Overwriting math alphabet `\mathtt' in version `bold'
(Font)                  OT1/cmtt/m/n --> OT1/lmtt/m/n on input line 38.
)
(c:/Users/sperry/AppData/Roaming/TinyTeX/texmf-dist/tex/latex/amsfonts/amssymb.
sty
Package: amssymb 2013/01/14 v3.01 AMS font symbols

(c:/Users/sperry/AppData/Roaming/TinyTeX/texmf-dist/tex/latex/amsfonts/amsfonts
.sty
Package: amsfonts 2013/01/14 v3.01 Basic AMSFonts support
\@emptytoks=\toks16
\symAMSa=\mathgroup4
\symAMSb=\mathgroup5
LaTeX Font Info:    Redeclaring math symbol \hbar on input line 98.
LaTeX Font Info:    Overwriting math alphabet `\mathfrak' in version `bold'
(Font)                  U/euf/m/n --> U/euf/b/n on input line 106.
))
(c:/Users/sperry/AppData/Roaming/TinyTeX/texmf-dist/tex/latex/amsmath/amsmath.s
ty
Package: amsmath 2021/04/20 v2.17j AMS math features
\@mathmargin=\skip49
For additional information on amsmath, use the `?' option.

(c:/Users/sperry/AppData/Roaming/TinyTeX/texmf-dist/tex/latex/amsmath/amstext.s
ty
Package: amstext 2000/06/29 v2.01 AMS text

(c:/Users/sperry/AppData/Roaming/TinyTeX/texmf-dist/tex/latex/amsmath/amsgen.st
y
File: amsgen.sty 1999/11/30 v2.0 generic functions
\@emptytoks=\toks17
\ex@=\dimen139
))
(c:/Users/sperry/AppData/Roaming/TinyTeX/texmf-dist/tex/latex/amsmath/amsbsy.st
y
Package: amsbsy 1999/11/29 v1.2d Bold Symbols
\pmbraise@=\dimen140
)
(c:/Users/sperry/AppData/Roaming/TinyTeX/texmf-dist/tex/latex/amsmath/amsopn.st
y
Package: amsopn 2016/03/08 v2.02 operator names
)
\inf@bad=\count187
LaTeX Info: Redefining \frac on input line 236.
\uproot@=\count188
\leftroot@=\count189
LaTeX Info: Redefining \overline on input line 399.
\classnum@=\count190
\DOTSCASE@=\count191
LaTeX Info: Redefining \ldots on input line 496.
LaTeX Info: Redefining \dots on input line 499.
LaTeX Info: Redefining \cdots on input line 620.
\Mathstrutbox@=\box50
\strutbox@=\box51
\big@size=\dimen141
LaTeX Font Info:    Redeclaring font encoding OML on input line 743.
LaTeX Font Info:    Redeclaring font encoding OMS on input line 744.
\macc@depth=\count192
\c@MaxMatrixCols=\count193
\dotsspace@=\muskip16
\c@parentequation=\count194
\dspbrk@lvl=\count195
\tag@help=\toks18
\row@=\count196
\column@=\count197
\maxfields@=\count198
\andhelp@=\toks19
\eqnshift@=\dimen142
\alignsep@=\dimen143
\tagshift@=\dimen144
\tagwidth@=\dimen145
\totwidth@=\dimen146
\lineht@=\dimen147
\@envbody=\toks20
\multlinegap=\skip50
\multlinetaggap=\skip51
\mathdisplay@stack=\toks21
LaTeX Info: Redefining \[ on input line 2923.
LaTeX Info: Redefining \] on input line 2924.
)
(c:/Users/sperry/AppData/Roaming/TinyTeX/texmf-dist/tex/generic/iftex/ifxetex.s
ty
Package: ifxetex 2019/10/25 v0.7 ifxetex legacy package. Use iftex instead.

(c:/Users/sperry/AppData/Roaming/TinyTeX/texmf-dist/tex/generic/iftex/iftex.sty
Package: iftex 2020/03/06 v1.0d TeX engine tests
))
(c:/Users/sperry/AppData/Roaming/TinyTeX/texmf-dist/tex/generic/iftex/ifluatex.
sty
Package: ifluatex 2019/10/25 v1.5 ifluatex legacy package. Use iftex instead.
)
(c:/Users/sperry/AppData/Roaming/TinyTeX/texmf-dist/tex/latex/unicode-math/unic
ode-math.sty
(c:/Users/sperry/AppData/Roaming/TinyTeX/texmf-dist/tex/latex/l3kernel/expl3.st
y
Package: expl3 2021-10-12 L3 programming layer (loader) 

(c:/Users/sperry/AppData/Roaming/TinyTeX/texmf-dist/tex/latex/l3backend/l3backe
nd-luatex.def
File: l3backend-luatex.def 2021-10-12 L3 backend support: PDF output (LuaTeX)
\l__color_backend_stack_int=\count199
\l__pdf_internal_box=\box52
))
Package: unicode-math 2020/01/31 v0.8q Unicode maths in XeLaTeX and LuaLaTeX

(c:/Users/sperry/AppData/Roaming/TinyTeX/texmf-dist/tex/latex/unicode-math/unic
ode-math-luatex.sty
Package: unicode-math-luatex 2020/01/31 v0.8q Unicode maths in XeLaTeX and LuaL
aTeX

(c:/Users/sperry/AppData/Roaming/TinyTeX/texmf-dist/tex/latex/l3packages/xparse
/xparse.sty
Package: xparse 2021-08-27 L3 Experimental document command parser
)
(c:/Users/sperry/AppData/Roaming/TinyTeX/texmf-dist/tex/latex/l3packages/l3keys
2e/l3keys2e.sty
Package: l3keys2e 2021-08-27 LaTeX2e option processing using LaTeX3 keys
)
(c:/Users/sperry/AppData/Roaming/TinyTeX/texmf-dist/tex/latex/fontspec/fontspec
.sty
Package: fontspec 2020/02/21 v2.7i Font selection for XeLaTeX and LuaLaTeX
Lua module: fontspec 2020/02/21 2.7i Font selection for XeLaTeX and LuaLaTeX
(c:/Users/sperry/AppData/Roaming/TinyTeX/texmf-dist/tex/latex/fontspec/fontspec
-luatex.sty
Package: fontspec-luatex 2020/02/21 v2.7i Font selection for XeLaTeX and LuaLaT
eX
\l__fontspec_script_int=\count266
\l__fontspec_language_int=\count267
\l__fontspec_strnum_int=\count268
\l__fontspec_tmp_int=\count269
\l__fontspec_tmpa_int=\count270
\l__fontspec_tmpb_int=\count271
\l__fontspec_tmpc_int=\count272
\l__fontspec_em_int=\count273
\l__fontspec_emdef_int=\count274
\l__fontspec_strong_int=\count275
\l__fontspec_strongdef_int=\count276
\l__fontspec_tmpa_dim=\dimen148
\l__fontspec_tmpb_dim=\dimen149
\l__fontspec_tmpc_dim=\dimen150
(c:/Users/sperry/AppData/Roaming/TinyTeX/texmf-dist/tex/latex/base/fontenc.sty
Package: fontenc 2021/04/29 v2.0v Standard LaTeX package
)
(c:/Users/sperry/AppData/Roaming/TinyTeX/texmf-dist/tex/latex/fontspec/fontspec
.cfg))) (c:/Users/sperry/AppData/Roaming/TinyTeX/texmf-dist/tex/latex/base/fix-
cm.sty
Package: fix-cm 2020/11/24 v1.1t fixes to LaTeX
(c:/Users/sperry/AppData/Roaming/TinyTeX/texmf-dist/tex/latex/base/ts1enc.def
File: ts1enc.def 2001/06/05 v3.0e (jk/car/fm) Standard LaTeX file
LaTeX Font Info:    Redeclaring font encoding TS1 on input line 47.
))
(c:/Users/sperry/AppData/Roaming/TinyTeX/texmf-dist/tex/lualatex/lualatex-math/
lualatex-math.sty
Package: lualatex-math 2021/07/05 v1.11 Patches for mathematics typesetting wit
h LuaLaTeX

(c:/Users/sperry/AppData/Roaming/TinyTeX/texmf-dist/tex/latex/etoolbox/etoolbox
.sty
Package: etoolbox 2020/10/05 v2.5k e-TeX tools for LaTeX (JAW)
\etb@tempcnta=\count277
)
Lua module: lualatex-math 2013/08/03 1.3 Patches for mathematics typesetting wit
h LuaLaTeX)
\g__um_fam_int=\count278
\g__um_fonts_used_int=\count279
\l__um_primecount_int=\count280
\g__um_primekern_muskip=\muskip17

(c:/Users/sperry/AppData/Roaming/TinyTeX/texmf-dist/tex/latex/unicode-math/unic
ode-math-table.tex)))
(c:/Users/sperry/AppData/Roaming/TinyTeX/texmf-dist/tex/latex/upquote/upquote.s
ty
Package: upquote 2012/04/19 v1.3 upright-quote and grave-accent glyphs in verba
tim

(c:/Users/sperry/AppData/Roaming/TinyTeX/texmf-dist/tex/latex/base/textcomp.sty
Package: textcomp 2020/02/02 v2.0n Standard LaTeX package
))
(c:/Users/sperry/AppData/Roaming/TinyTeX/texmf-dist/tex/latex/xcolor/xcolor.sty
Package: xcolor 2016/05/11 v2.12 LaTeX color extensions (UK)

(c:/Users/sperry/AppData/Roaming/TinyTeX/texmf-dist/tex/latex/graphics-cfg/colo
r.cfg
File: color.cfg 2016/01/02 v1.6 sample color configuration
)
Package xcolor Info: Driver file: luatex.def on input line 225.

(c:/Users/sperry/AppData/Roaming/TinyTeX/texmf-dist/tex/latex/graphics-def/luat
ex.def
File: luatex.def 2021/06/01 v1.2c Graphics/color driver for luatex
)
Package xcolor Info: Model `cmy' substituted by `cmy0' on input line 1348.
Package xcolor Info: Model `hsb' substituted by `rgb' on input line 1352.
Package xcolor Info: Model `RGB' extended on input line 1364.
Package xcolor Info: Model `HTML' substituted by `rgb' on input line 1366.
Package xcolor Info: Model `Hsb' substituted by `hsb' on input line 1367.
Package xcolor Info: Model `tHsb' substituted by `hsb' on input line 1368.
Package xcolor Info: Model `HSB' substituted by `hsb' on input line 1369.
Package xcolor Info: Model `Gray' substituted by `gray' on input line 1370.
Package xcolor Info: Model `wave' substituted by `hsb' on input line 1371.
)
(c:/Users/sperry/AppData/Roaming/TinyTeX/texmf-dist/tex/latex/hyperref/hyperref
.sty
Package: hyperref 2021-06-07 v7.00m Hypertext links for LaTeX

(c:/Users/sperry/AppData/Roaming/TinyTeX/texmf-dist/tex/generic/ltxcmds/ltxcmds
.sty
Package: ltxcmds 2020-05-10 v1.25 LaTeX kernel commands for general use (HO)
)
(c:/Users/sperry/AppData/Roaming/TinyTeX/texmf-dist/tex/generic/pdftexcmds/pdft
excmds.sty
Package: pdftexcmds 2020-06-27 v0.33 Utility functions of pdfTeX for LuaTeX (HO
)

(c:/Users/sperry/AppData/Roaming/TinyTeX/texmf-dist/tex/generic/infwarerr/infwa
rerr.sty
Package: infwarerr 2019/12/03 v1.5 Providing info/warning/error messages (HO)
)
Package pdftexcmds Info: \pdf@primitive is available.
Package pdftexcmds Info: \pdf@ifprimitive is available.
Package pdftexcmds Info: \pdfdraftmode found.
\pdftexcmds@toks=\toks22
)
(c:/Users/sperry/AppData/Roaming/TinyTeX/texmf-dist/tex/latex/graphics/keyval.s
ty
Package: keyval 2014/10/28 v1.15 key=value parser (DPC)
\KV@toks@=\toks23
)
(c:/Users/sperry/AppData/Roaming/TinyTeX/texmf-dist/tex/generic/kvsetkeys/kvset
keys.sty
Package: kvsetkeys 2019/12/15 v1.18 Key value parser (HO)
)
(c:/Users/sperry/AppData/Roaming/TinyTeX/texmf-dist/tex/generic/kvdefinekeys/kv
definekeys.sty
Package: kvdefinekeys 2019-12-19 v1.6 Define keys (HO)
)
(c:/Users/sperry/AppData/Roaming/TinyTeX/texmf-dist/tex/generic/pdfescape/pdfes
cape.sty
Package: pdfescape 2019/12/09 v1.15 Implements pdfTeX's escape features (HO)
)
(c:/Users/sperry/AppData/Roaming/TinyTeX/texmf-dist/tex/latex/hycolor/hycolor.s
ty
Package: hycolor 2020-01-27 v1.10 Color options for hyperref/bookmark (HO)
)
(c:/Users/sperry/AppData/Roaming/TinyTeX/texmf-dist/tex/latex/letltxmacro/letlt
xmacro.sty
Package: letltxmacro 2019/12/03 v1.6 Let assignment for LaTeX macros (HO)
)
(c:/Users/sperry/AppData/Roaming/TinyTeX/texmf-dist/tex/latex/auxhook/auxhook.s
ty
Package: auxhook 2019-12-17 v1.6 Hooks for auxiliary files (HO)
)
(c:/Users/sperry/AppData/Roaming/TinyTeX/texmf-dist/tex/latex/kvoptions/kvoptio
ns.sty
Package: kvoptions 2020-10-07 v3.14 Key value format for package options (HO)
)
\@linkdim=\dimen151
\Hy@linkcounter=\count281
\Hy@pagecounter=\count282

(c:/Users/sperry/AppData/Roaming/TinyTeX/texmf-dist/tex/latex/hyperref/pd1enc.d
ef
File: pd1enc.def 2021-06-07 v7.00m Hyperref: PDFDocEncoding definition (HO)
)
(c:/Users/sperry/AppData/Roaming/TinyTeX/texmf-dist/tex/latex/hyperref/hyperref
-langpatches.def
File: hyperref-langpatches.def 2021-06-07 v7.00m Hyperref: patches for babel la
nguages
)
(c:/Users/sperry/AppData/Roaming/TinyTeX/texmf-dist/tex/generic/intcalc/intcalc
.sty
Package: intcalc 2019/12/15 v1.3 Expandable calculations with integers (HO)
)
(c:/Users/sperry/AppData/Roaming/TinyTeX/texmf-dist/tex/generic/etexcmds/etexcm
ds.sty
Package: etexcmds 2019/12/15 v1.7 Avoid name clashes with e-TeX commands (HO)
)
\Hy@SavedSpaceFactor=\count283

(c:/Users/sperry/AppData/Roaming/TinyTeX/texmf-dist/tex/latex/hyperref/puenc.de
f
File: puenc.def 2021-06-07 v7.00m Hyperref: PDF Unicode definition (HO)
)
Package hyperref Info: Option `unicode' set `true' on input line 4073.
Package hyperref Info: Hyper figures OFF on input line 4192.
Package hyperref Info: Link nesting OFF on input line 4197.
Package hyperref Info: Hyper index ON on input line 4200.
Package hyperref Info: Plain pages OFF on input line 4207.
Package hyperref Info: Backreferencing OFF on input line 4212.
Package hyperref Info: Implicit mode ON; LaTeX internals redefined.
Package hyperref Info: Bookmarks ON on input line 4445.
\c@Hy@tempcnt=\count284
(c:/Users/sperry/AppData/Roaming/TinyTeX/texmf-dist/tex/latex/url/url.sty
\Urlmuskip=\muskip18
Package: url 2013/09/16  ver 3.4  Verb mode for urls, etc.
)
LaTeX Info: Redefining \url on input line 4804.
\XeTeXLinkMargin=\dimen152

(c:/Users/sperry/AppData/Roaming/TinyTeX/texmf-dist/tex/generic/bitset/bitset.s
ty
Package: bitset 2019/12/09 v1.3 Handle bit-vector datatype (HO)

(c:/Users/sperry/AppData/Roaming/TinyTeX/texmf-dist/tex/generic/bigintcalc/bigi
ntcalc.sty
Package: bigintcalc 2019/12/15 v1.5 Expandable calculations on big integers (HO
)
))
\Fld@menulength=\count285
\Field@Width=\dimen153
\Fld@charsize=\dimen154
Package hyperref Info: Hyper figures OFF on input line 6076.
Package hyperref Info: Link nesting OFF on input line 6081.
Package hyperref Info: Hyper index ON on input line 6084.
Package hyperref Info: backreferencing OFF on input line 6091.
Package hyperref Info: Link coloring OFF on input line 6096.
Package hyperref Info: Link coloring with OCG OFF on input line 6101.
Package hyperref Info: PDF/A mode OFF on input line 6106.
LaTeX Info: Redefining \ref on input line 6146.
LaTeX Info: Redefining \pageref on input line 6150.

(c:/Users/sperry/AppData/Roaming/TinyTeX/texmf-dist/tex/latex/base/atbegshi-ltx
.sty
Package: atbegshi-ltx 2021/01/10 v1.0c Emulation of the original atbegshi
package with kernel methods
)
\Hy@abspage=\count286
\c@Item=\count287
\c@Hfootnote=\count288
)
Package hyperref Info: Driver (autodetected): hluatex.

(c:/Users/sperry/AppData/Roaming/TinyTeX/texmf-dist/tex/latex/hyperref/hluatex.
def
File: hluatex.def 2021-06-07 v7.00m Hyperref driver for luaTeX

(c:/Users/sperry/AppData/Roaming/TinyTeX/texmf-dist/tex/generic/stringenc/strin
genc.sty
Package: stringenc 2019/11/29 v1.12 Convert strings between diff. encodings (HO
)
)
(c:/Users/sperry/AppData/Roaming/TinyTeX/texmf-dist/tex/latex/base/atveryend-lt
x.sty
Package: atveryend-ltx 2020/08/19 v1.0a Emulation of the original atvery packag
e
with kernel methods
)
\Fld@listcount=\count289
\c@bookmark@seq@number=\count290

(c:/Users/sperry/AppData/Roaming/TinyTeX/texmf-dist/tex/latex/rerunfilecheck/re
runfilecheck.sty
Package: rerunfilecheck 2019/12/05 v1.9 Rerun checks for auxiliary files (HO)

(c:/Users/sperry/AppData/Roaming/TinyTeX/texmf-dist/tex/generic/uniquecounter/u
niquecounter.sty
Package: uniquecounter 2019/12/15 v1.4 Provide unlimited unique counter (HO)
)
Package uniquecounter Info: New unique counter `rerunfilecheck' on input line 2
86.
)
\Hy@SectionHShift=\skip52
)
(c:/Users/sperry/AppData/Roaming/TinyTeX/texmf-dist/tex/latex/geometry/geometry
.sty
Package: geometry 2020/01/02 v5.9 Page Geometry

(c:/Users/sperry/AppData/Roaming/TinyTeX/texmf-dist/tex/generic/iftex/ifvtex.st
y
Package: ifvtex 2019/10/25 v1.7 ifvtex legacy package. Use iftex instead.
)
\Gm@cnth=\count291
\Gm@cntv=\count292
\c@Gm@tempcnt=\count293
\Gm@bindingoffset=\dimen155
\Gm@wd@mp=\dimen156
\Gm@odd@mp=\dimen157
\Gm@even@mp=\dimen158
\Gm@layoutwidth=\dimen159
\Gm@layoutheight=\dimen160
\Gm@layouthoffset=\dimen161
\Gm@layoutvoffset=\dimen162
\Gm@dimlist=\toks24
)
(c:/Users/sperry/AppData/Roaming/TinyTeX/texmf-dist/tex/latex/tools/longtable.s
ty
Package: longtable 2021-05-07 v4.16 Multi-page Table package (DPC)
\LTleft=\skip53
\LTright=\skip54
\LTpre=\skip55
\LTpost=\skip56
\LTchunksize=\count294
\LTcapwidth=\dimen163
\LT@head=\box53
\LT@firsthead=\box54
\LT@foot=\box55
\LT@lastfoot=\box56
\LT@gbox=\box57
\LT@cols=\count295
\LT@rows=\count296
\c@LT@tables=\count297
\c@LT@chunks=\count298
\LT@p@ftn=\toks25
)
(c:/Users/sperry/AppData/Roaming/TinyTeX/texmf-dist/tex/latex/booktabs/booktabs
.sty
Package: booktabs 2020/01/12 v1.61803398 Publication quality tables
\heavyrulewidth=\dimen164
\lightrulewidth=\dimen165
\cmidrulewidth=\dimen166
\belowrulesep=\dimen167
\belowbottomsep=\dimen168
\aboverulesep=\dimen169
\abovetopsep=\dimen170
\cmidrulesep=\dimen171
\cmidrulekern=\dimen172
\defaultaddspace=\dimen173
\@cmidla=\count299
\@cmidlb=\count300
\@aboverulesep=\dimen174
\@belowrulesep=\dimen175
\@thisruleclass=\count301
\@lastruleclass=\count302
\@thisrulewidth=\dimen176
)
(c:/Users/sperry/AppData/Roaming/TinyTeX/texmf-dist/tex/latex/mdwtools/footnote
.sty
Package: footnote 1997/01/28 1.13 Save footnotes around boxes
\fn@notes=\box58
\fn@width=\dimen177
)
(c:/Users/sperry/AppData/Roaming/TinyTeX/texmf-dist/tex/latex/graphics/graphicx
.sty
Package: graphicx 2020/12/05 v1.2c Enhanced LaTeX Graphics (DPC,SPQR)

(c:/Users/sperry/AppData/Roaming/TinyTeX/texmf-dist/tex/latex/graphics/graphics
.sty
Package: graphics 2021/03/04 v1.4d Standard LaTeX Graphics (DPC,SPQR)

(c:/Users/sperry/AppData/Roaming/TinyTeX/texmf-dist/tex/latex/graphics/trig.sty
Package: trig 2016/01/03 v1.10 sin cos tan (DPC)
)
(c:/Users/sperry/AppData/Roaming/TinyTeX/texmf-dist/tex/latex/graphics-cfg/grap
hics.cfg
File: graphics.cfg 2016/06/04 v1.11 sample graphics configuration
)
Package graphics Info: Driver file: luatex.def on input line 107.
)
\Gin@req@height=\dimen178
\Gin@req@width=\dimen179
) (./EMP-Reports.aux)
\openout1 = EMP-Reports.aux

LaTeX Font Info:    Checking defaults for OML/cmm/m/it on input line 75.
LaTeX Font Info:    ... okay on input line 75.
LaTeX Font Info:    Checking defaults for OMS/cmsy/m/n on input line 75.
LaTeX Font Info:    ... okay on input line 75.
LaTeX Font Info:    Checking defaults for OT1/cmr/m/n on input line 75.
LaTeX Font Info:    ... okay on input line 75.
LaTeX Font Info:    Checking defaults for T1/cmr/m/n on input line 75.
LaTeX Font Info:    ... okay on input line 75.
LaTeX Font Info:    Checking defaults for TS1/cmr/m/n on input line 75.
LaTeX Font Info:    ... okay on input line 75.
LaTeX Font Info:    Checking defaults for TU/lmr/m/n on input line 75.
LaTeX Font Info:    ... okay on input line 75.
LaTeX Font Info:    Checking defaults for OMX/cmex/m/n on input line 75.
LaTeX Font Info:    ... okay on input line 75.
LaTeX Font Info:    Checking defaults for U/cmr/m/n on input line 75.
LaTeX Font Info:    ... okay on input line 75.
LaTeX Font Info:    Checking defaults for PD1/pdf/m/n on input line 75.
LaTeX Font Info:    ... okay on input line 75.
LaTeX Font Info:    Checking defaults for PU/pdf/m/n on input line 75.
LaTeX Font Info:    ... okay on input line 75.
LaTeX Font Info:    Overwriting math alphabet `\mathrm' in version `normal'
(Font)                  OT1/lmr/m/n --> TU/lmr/m/n on input line 75.
LaTeX Font Info:    Overwriting math alphabet `\mathit' in version `normal'
(Font)                  OT1/lmr/m/it --> TU/lmr/m/it on input line 75.
LaTeX Font Info:    Overwriting math alphabet `\mathbf' in version `normal'
(Font)                  OT1/lmr/bx/n --> TU/lmr/bx/n on input line 75.
LaTeX Font Info:    Overwriting math alphabet `\mathsf' in version `normal'
(Font)                  OT1/lmss/m/n --> TU/lmss/m/n on input line 75.
LaTeX Font Info:    Overwriting math alphabet `\mathsf' in version `bold'
(Font)                  OT1/lmss/bx/n --> TU/lmss/bx/n on input line 75.
LaTeX Font Info:    Overwriting math alphabet `\mathtt' in version `normal'
(Font)                  OT1/lmtt/m/n --> TU/lmtt/m/n on input line 75.
LaTeX Font Info:    Overwriting math alphabet `\mathtt' in version `bold'
(Font)                  OT1/lmtt/m/n --> TU/lmtt/bx/n on input line 75.

Package fontspec Info: latinmodern-math scale = 0.9999964596882403.


Package fontspec Info: latinmodern-math scale = 0.9999964596882403.


Package fontspec Info: latinmodern-math scale = 0.9999964596882403.


Package fontspec Info: Font family 'latinmodern-math.otf(0)' created for font
(fontspec)             'latinmodern-math.otf' with options
(fontspec)             [Scale=MatchLowercase,Renderer=Basic,BoldItalicFont={},I
talicFont={},SmallCapsFont={},Script=Math,FontAdjustment={\__um_luatex_copy_fon
tdimens:
(fontspec)             },BoldFont={latinmodern-math.otf}].
(fontspec)              
(fontspec)              This font family consists of the following NFSS
(fontspec)             series/shapes:
(fontspec)              
(fontspec)             - 'normal' (m/n) with NFSS spec.:
(fontspec)             <->s*[0.9999964596882403]"[latinmodern-math.otf]:mode=ba
se;script=math;language=dflt;"
(fontspec)             - 'small caps'  (m/sc) with NFSS spec.: 
(fontspec)             and font adjustment code:
(fontspec)             \__um_luatex_copy_fontdimens: 
(fontspec)             - 'bold' (b/n) with NFSS spec.:
(fontspec)             <->s*[0.9999964596882403]"[latinmodern-math.otf]:mode=ba
se;script=math;language=dflt;"
(fontspec)             - 'bold small caps'  (b/sc) with NFSS spec.: 
(fontspec)             and font adjustment code:
(fontspec)             \__um_luatex_copy_fontdimens: 

LaTeX Font Info:    Font shape `TU/latinmodern-math.otf(0)/m/n' will be
(Font)              scaled to size 10.0pt on input line 75.

Package fontspec Info: latinmodern-math scale = 0.9999964596882403.


Package fontspec Info: latinmodern-math scale = 0.9999964596882403.


Package fontspec Info: latinmodern-math scale = 0.9999964596882403.


Package fontspec Info: latinmodern-math scale = 0.9999964596882403.


Package fontspec Info: latinmodern-math scale = 0.9999964596882403.


Package fontspec Info: Font family 'latinmodern-math.otf(1)' created for font
(fontspec)             'latinmodern-math.otf' with options
(fontspec)             [Scale=MatchLowercase,Renderer=Basic,BoldItalicFont={},I
talicFont={},SmallCapsFont={},Script=Math,SizeFeatures={{Size=8.5-},{Size=6-8.5
,Font=latinmodern-math.otf,Style=MathScript},{Size=-6,Font=latinmodern-math.otf
,Style=MathScriptScript}},FontAdjustment={\__um_luatex_copy_fontdimens:
(fontspec)             },BoldFont={latinmodern-math.otf}].
(fontspec)              
(fontspec)              This font family consists of the following NFSS
(fontspec)             series/shapes:
(fontspec)              
(fontspec)             - 'normal' (m/n) with NFSS spec.:
(fontspec)             <8.5->s*[0.9999964596882403]"[latinmodern-math.otf]:mode
=base;script=math;language=dflt;"<6-8.5>s*[0.9999964596882403]"[latinmodern-mat
h.otf]:mode=base;script=math;language=dflt;+ssty=0;"<-6>s*[0.9999964596882403]"
[latinmodern-math.otf]:mode=base;script=math;language=dflt;+ssty=1;"
(fontspec)             - 'small caps'  (m/sc) with NFSS spec.: 
(fontspec)             and font adjustment code:
(fontspec)             \__um_luatex_copy_fontdimens: 
(fontspec)             - 'bold' (b/n) with NFSS spec.:
(fontspec)             <->s*[0.9999964596882403]"[latinmodern-math.otf]:mode=ba
se;script=math;language=dflt;"
(fontspec)             - 'bold small caps'  (b/sc) with NFSS spec.: 
(fontspec)             and font adjustment code:
(fontspec)             \__um_luatex_copy_fontdimens: 

LaTeX Font Info:    Font shape `TU/latinmodern-math.otf(1)/m/n' will be
(Font)              scaled to size 10.0pt on input line 75.
LaTeX Font Info:    Encoding `OT1' has changed to `TU' for symbol font
(Font)              `operators' in the math version `normal' on input line 75.
LaTeX Font Info:    Overwriting symbol font `operators' in version `normal'
(Font)                  OT1/lmr/m/n --> TU/latinmodern-math.otf(1)/m/n on input
 line 75.
LaTeX Font Info:    Encoding `OT1' has changed to `TU' for symbol font
(Font)              `operators' in the math version `bold' on input line 75.
LaTeX Font Info:    Overwriting symbol font `operators' in version `bold'
(Font)                  OT1/lmr/bx/n --> TU/latinmodern-math.otf(1)/b/n on inpu
t line 75.

Package fontspec Info: latinmodern-math scale = 0.9999964596882403.


Package fontspec Info: latinmodern-math scale = 1.000096459334209.


Package fontspec Info: latinmodern-math scale = 0.9999964596882403.


Package fontspec Info: latinmodern-math scale = 1.000096459334209.


Package fontspec Info: latinmodern-math scale = 0.9999964596882403.


Package fontspec Info: latinmodern-math scale = 1.000096459334209.


Package fontspec Info: latinmodern-math scale = 0.9999964596882403.


Package fontspec Info: latinmodern-math scale = 1.000096459334209.


Package fontspec Info: latinmodern-math scale = 0.9999964596882403.


Package fontspec Info: latinmodern-math scale = 1.000096459334209.


Package fontspec Info: Font family 'latinmodern-math.otf(2)' created for font
(fontspec)             'latinmodern-math.otf' with options
(fontspec)             [Scale=MatchLowercase,Renderer=Basic,BoldItalicFont={},I
talicFont={},SmallCapsFont={},Script=Math,SizeFeatures={{Size=8.5-},{Size=6-8.5
,Font=latinmodern-math.otf,Style=MathScript},{Size=-6,Font=latinmodern-math.otf
,Style=MathScriptScript}},FontAdjustment={\__um_luatex_copy_fontdimens:
(fontspec)             },BoldFont={latinmodern-math.otf},ScaleAgain=1.0001,Font
Adjustment={\fontdimen
(fontspec)             8\font =6.76999pt\relax \fontdimen 9\font
(fontspec)             =3.93999pt\relax \fontdimen 10\font =4.43999pt\relax
(fontspec)             \fontdimen 11\font =6.85999pt\relax \fontdimen 12\font
(fontspec)             =3.45pt\relax \fontdimen 13\font =3.62999pt\relax
(fontspec)             \fontdimen 14\font =3.62999pt\relax \fontdimen 15\font
(fontspec)             =2.89pt\relax \fontdimen 16\font =2.46999pt\relax
(fontspec)             \fontdimen 17\font =2.46999pt\relax \fontdimen 18\font
(fontspec)             =2.5pt\relax \fontdimen 19\font =2.0pt\relax \fontdimen
(fontspec)             22\font =2.5pt\relax \fontdimen 20\font =0pt\relax
(fontspec)             \fontdimen 21\font =0pt\relax }].
(fontspec)              
(fontspec)              This font family consists of the following NFSS
(fontspec)             series/shapes:
(fontspec)              
(fontspec)             - 'normal' (m/n) with NFSS spec.:
(fontspec)             <8.5->s*[1.000096459334209]"[latinmodern-math.otf]:mode=
base;script=math;language=dflt;"<6-8.5>s*[1.000096459334209]"[latinmodern-math.
otf]:mode=base;script=math;language=dflt;+ssty=0;"<-6>s*[1.000096459334209]"[la
tinmodern-math.otf]:mode=base;script=math;language=dflt;+ssty=1;"
(fontspec)             - 'small caps'  (m/sc) with NFSS spec.: 
(fontspec)             and font adjustment code:
(fontspec)             \__um_luatex_copy_fontdimens: \fontdimen 8\font
(fontspec)             =6.76999pt\relax \fontdimen 9\font =3.93999pt\relax
(fontspec)             \fontdimen 10\font =4.43999pt\relax \fontdimen 11\font
(fontspec)             =6.85999pt\relax \fontdimen 12\font =3.45pt\relax
(fontspec)             \fontdimen 13\font =3.62999pt\relax \fontdimen 14\font
(fontspec)             =3.62999pt\relax \fontdimen 15\font =2.89pt\relax
(fontspec)             \fontdimen 16\font =2.46999pt\relax \fontdimen 17\font
(fontspec)             =2.46999pt\relax \fontdimen 18\font =2.5pt\relax
(fontspec)             \fontdimen 19\font =2.0pt\relax \fontdimen 22\font
(fontspec)             =2.5pt\relax \fontdimen 20\font =0pt\relax \fontdimen
(fontspec)             21\font =0pt\relax 
(fontspec)             - 'bold' (b/n) with NFSS spec.:
(fontspec)             <->s*[1.000096459334209]"[latinmodern-math.otf]:mode=bas
e;script=math;language=dflt;"
(fontspec)             - 'bold small caps'  (b/sc) with NFSS spec.: 
(fontspec)             and font adjustment code:
(fontspec)             \__um_luatex_copy_fontdimens: \fontdimen 8\font
(fontspec)             =6.76999pt\relax \fontdimen 9\font =3.93999pt\relax
(fontspec)             \fontdimen 10\font =4.43999pt\relax \fontdimen 11\font
(fontspec)             =6.85999pt\relax \fontdimen 12\font =3.45pt\relax
(fontspec)             \fontdimen 13\font =3.62999pt\relax \fontdimen 14\font
(fontspec)             =3.62999pt\relax \fontdimen 15\font =2.89pt\relax
(fontspec)             \fontdimen 16\font =2.46999pt\relax \fontdimen 17\font
(fontspec)             =2.46999pt\relax \fontdimen 18\font =2.5pt\relax
(fontspec)             \fontdimen 19\font =2.0pt\relax \fontdimen 22\font
(fontspec)             =2.5pt\relax \fontdimen 20\font =0pt\relax \fontdimen
(fontspec)             21\font =0pt\relax 

LaTeX Font Info:    Encoding `OMS' has changed to `TU' for symbol font
(Font)              `symbols' in the math version `normal' on input line 75.
LaTeX Font Info:    Overwriting symbol font `symbols' in version `normal'
(Font)                  OMS/lmsy/m/n --> TU/latinmodern-math.otf(2)/m/n on inpu
t line 75.
LaTeX Font Info:    Encoding `OMS' has changed to `TU' for symbol font
(Font)              `symbols' in the math version `bold' on input line 75.
LaTeX Font Info:    Overwriting symbol font `symbols' in version `bold'
(Font)                  OMS/lmsy/b/n --> TU/latinmodern-math.otf(2)/b/n on inpu
t line 75.

Package fontspec Info: latinmodern-math scale = 0.9999964596882403.


Package fontspec Info: latinmodern-math scale = 0.9998964600422715.


Package fontspec Info: latinmodern-math scale = 0.9999964596882403.


Package fontspec Info: latinmodern-math scale = 0.9998964600422715.


Package fontspec Info: latinmodern-math scale = 0.9999964596882403.


Package fontspec Info: latinmodern-math scale = 0.9998964600422715.


Package fontspec Info: latinmodern-math scale = 0.9999964596882403.


Package fontspec Info: latinmodern-math scale = 0.9998964600422715.


Package fontspec Info: latinmodern-math scale = 0.9999964596882403.


Package fontspec Info: latinmodern-math scale = 0.9998964600422715.


Package fontspec Info: Font family 'latinmodern-math.otf(3)' created for font
(fontspec)             'latinmodern-math.otf' with options
(fontspec)             [Scale=MatchLowercase,Renderer=Basic,BoldItalicFont={},I
talicFont={},SmallCapsFont={},Script=Math,SizeFeatures={{Size=8.5-},{Size=6-8.5
,Font=latinmodern-math.otf,Style=MathScript},{Size=-6,Font=latinmodern-math.otf
,Style=MathScriptScript}},FontAdjustment={\__um_luatex_copy_fontdimens:
(fontspec)             },BoldFont={latinmodern-math.otf},ScaleAgain=0.9999,Font
Adjustment={\fontdimen
(fontspec)             8\font =0.4pt\relax \fontdimen 9\font =2.0pt\relax
(fontspec)             \fontdimen 10\font =1.67pt\relax \fontdimen 11\font
(fontspec)             =1.10999pt\relax \fontdimen 12\font =6.0pt\relax
(fontspec)             \fontdimen 13\font =0pt\relax }].
(fontspec)              
(fontspec)              This font family consists of the following NFSS
(fontspec)             series/shapes:
(fontspec)              
(fontspec)             - 'normal' (m/n) with NFSS spec.:
(fontspec)             <8.5->s*[0.9998964600422715]"[latinmodern-math.otf]:mode
=base;script=math;language=dflt;"<6-8.5>s*[0.9998964600422715]"[latinmodern-mat
h.otf]:mode=base;script=math;language=dflt;+ssty=0;"<-6>s*[0.9998964600422715]"
[latinmodern-math.otf]:mode=base;script=math;language=dflt;+ssty=1;"
(fontspec)             - 'small caps'  (m/sc) with NFSS spec.: 
(fontspec)             and font adjustment code:
(fontspec)             \__um_luatex_copy_fontdimens: \fontdimen 8\font
(fontspec)             =0.4pt\relax \fontdimen 9\font =2.0pt\relax \fontdimen
(fontspec)             10\font =1.67pt\relax \fontdimen 11\font
(fontspec)             =1.10999pt\relax \fontdimen 12\font =6.0pt\relax
(fontspec)             \fontdimen 13\font =0pt\relax 
(fontspec)             - 'bold' (b/n) with NFSS spec.:
(fontspec)             <->s*[0.9998964600422715]"[latinmodern-math.otf]:mode=ba
se;script=math;language=dflt;"
(fontspec)             - 'bold small caps'  (b/sc) with NFSS spec.: 
(fontspec)             and font adjustment code:
(fontspec)             \__um_luatex_copy_fontdimens: \fontdimen 8\font
(fontspec)             =0.4pt\relax \fontdimen 9\font =2.0pt\relax \fontdimen
(fontspec)             10\font =1.67pt\relax \fontdimen 11\font
(fontspec)             =1.10999pt\relax \fontdimen 12\font =6.0pt\relax
(fontspec)             \fontdimen 13\font =0pt\relax 

LaTeX Font Info:    Encoding `OMX' has changed to `TU' for symbol font
(Font)              `largesymbols' in the math version `normal' on input line 7
5.
LaTeX Font Info:    Overwriting symbol font `largesymbols' in version `normal'
(Font)                  OMX/lmex/m/n --> TU/latinmodern-math.otf(3)/m/n on inpu
t line 75.
LaTeX Font Info:    Encoding `OMX' has changed to `TU' for symbol font
(Font)              `largesymbols' in the math version `bold' on input line 75.

LaTeX Font Info:    Overwriting symbol font `largesymbols' in version `bold'
(Font)                  OMX/lmex/m/n --> TU/latinmodern-math.otf(3)/b/n on inpu
t line 75.
LaTeX Font Info:    Font shape `TU/latinmodern-math.otf(1)/m/n' will be
(Font)              scaled to size 7.0pt on input line 75.
LaTeX Font Info:    Font shape `TU/latinmodern-math.otf(1)/m/n' will be
(Font)              scaled to size 5.0pt on input line 75.
LaTeX Font Info:    Trying to load font information for OML+lmm on input line 7
5.
(c:/Users/sperry/AppData/Roaming/TinyTeX/texmf-dist/tex/latex/lm/omllmm.fd
File: omllmm.fd 2015/05/01 v1.6.1 Font defs for Latin Modern
)
LaTeX Font Info:    Font shape `TU/latinmodern-math.otf(2)/m/n' will be
(Font)              scaled to size 10.00092pt on input line 75.
LaTeX Font Info:    Font shape `TU/latinmodern-math.otf(2)/m/n' will be
(Font)              scaled to size 7.00064pt on input line 75.
LaTeX Font Info:    Font shape `TU/latinmodern-math.otf(2)/m/n' will be
(Font)              scaled to size 5.00046pt on input line 75.
LaTeX Font Info:    Font shape `TU/latinmodern-math.otf(3)/m/n' will be
(Font)              scaled to size 9.99893pt on input line 75.
LaTeX Font Info:    Font shape `TU/latinmodern-math.otf(3)/m/n' will be
(Font)              scaled to size 6.99925pt on input line 75.
LaTeX Font Info:    Font shape `TU/latinmodern-math.otf(3)/m/n' will be
(Font)              scaled to size 4.99947pt on input line 75.
LaTeX Font Info:    Trying to load font information for U+msa on input line 75.

(c:/Users/sperry/AppData/Roaming/TinyTeX/texmf-dist/tex/latex/amsfonts/umsa.fd
File: umsa.fd 2013/01/14 v3.01 AMS symbols A
)
LaTeX Font Info:    Trying to load font information for U+msb on input line 75.

(c:/Users/sperry/AppData/Roaming/TinyTeX/texmf-dist/tex/latex/amsfonts/umsb.fd
File: umsb.fd 2013/01/14 v3.01 AMS symbols B
)
(c:/Users/sperry/AppData/Roaming/TinyTeX/texmf-dist/tex/latex/epstopdf-pkg/epst
opdf-base.sty
Package: epstopdf-base 2020-01-24 v2.11 Base part for package epstopdf
Package epstopdf-base Info: Redefining graphics rule for `.eps' on input line 4
85.

(c:/Users/sperry/AppData/Roaming/TinyTeX/texmf-dist/tex/latex/latexconfig/epsto
pdf-sys.cfg
File: epstopdf-sys.cfg 2010/07/13 v1.3 Configuration of (r)epstopdf for TeX Liv
e
))
Package hyperref Info: Link coloring OFF on input line 75.

(c:/Users/sperry/AppData/Roaming/TinyTeX/texmf-dist/tex/latex/hyperref/nameref.
sty
Package: nameref 2021-04-02 v2.47 Cross-referencing by name of section

(c:/Users/sperry/AppData/Roaming/TinyTeX/texmf-dist/tex/latex/refcount/refcount
.sty
Package: refcount 2019/12/15 v3.6 Data extraction from label references (HO)
)
(c:/Users/sperry/AppData/Roaming/TinyTeX/texmf-dist/tex/generic/gettitlestring/
gettitlestring.sty
Package: gettitlestring 2019/12/15 v1.6 Cleanup title references (HO)
)
\c@section@level=\count303
)
LaTeX Info: Redefining \ref on input line 75.
LaTeX Info: Redefining \pageref on input line 75.
LaTeX Info: Redefining \nameref on input line 75.
(./EMP-Reports.out) (./EMP-Reports.out)
\@outlinefile=\write3

\openout3 = EMP-Reports.out
*geometry* driver: auto-detecting
*geometry* detected driver: luatex
*geometry* verbose mode - [ preamble ] result:
* driver: luatex
* paper: <default>
* layout: <same size as paper>
* layoutoffset:(h,v)=(0.0pt,0.0pt)
* modes: 
* h-part:(L,W,R)=(72.26999pt, 469.75502pt, 72.26999pt)
* v-part:(T,H,B)=(72.26999pt, 650.43001pt, 72.26999pt)
* \paperwidth=614.295pt
* \paperheight=794.96999pt
* \textwidth=469.75502pt
* \textheight=650.43001pt
* \oddsidemargin=0.0pt
* \evensidemargin=0.0pt
* \topmargin=-37.0pt
* \headheight=12.0pt
* \headsep=25.0pt
* \topskip=10.0pt
* \footskip=30.0pt
* \marginparwidth=65.0pt
* \marginparsep=11.0pt
* \columnsep=10.0pt
* \skip\footins=9.0pt plus 4.0pt minus 2.0pt
* \hoffset=0.0pt
* \voffset=0.0pt
* \mag=1000
* \@twocolumnfalse
* \@twosidefalse
* \@mparswitchfalse
* \@reversemarginfalse
* (1in=72.27pt=25.4mm, 1cm=28.453pt)

LaTeX Font Info:    Font shape `TU/latinmodern-math.otf(1)/m/n' will be
(Font)              scaled to size 12.0pt on input line 77.
LaTeX Font Info:    Font shape `TU/latinmodern-math.otf(1)/m/n' will be
(Font)              scaled to size 8.0pt on input line 77.
LaTeX Font Info:    Font shape `TU/latinmodern-math.otf(1)/m/n' will be
(Font)              scaled to size 6.0pt on input line 77.
LaTeX Font Info:    Font shape `TU/latinmodern-math.otf(2)/m/n' will be
(Font)              scaled to size 12.0011pt on input line 77.
LaTeX Font Info:    Font shape `TU/latinmodern-math.otf(2)/m/n' will be
(Font)              scaled to size 8.00073pt on input line 77.
LaTeX Font Info:    Font shape `TU/latinmodern-math.otf(2)/m/n' will be
(Font)              scaled to size 6.00055pt on input line 77.
LaTeX Font Info:    Font shape `TU/latinmodern-math.otf(3)/m/n' will be
(Font)              scaled to size 11.99872pt on input line 77.
LaTeX Font Info:    Font shape `TU/latinmodern-math.otf(3)/m/n' will be
(Font)              scaled to size 7.99915pt on input line 77.
LaTeX Font Info:    Font shape `TU/latinmodern-math.otf(3)/m/n' will be
(Font)              scaled to size 5.99936pt on input line 77.
(./EMP-Reports.toc)
\tf@toc=\write4

\openout4 = EMP-Reports.toc
[1

{c:/Users/sperry/AppData/Roaming/TinyTeX/texmf-var/fonts/map/pdftex/updmap/pdfte
x.map}]
<sections/general/figures/deltamap.jpg, id=134, 433.62pt x 566.5968pt>
File: sections/general/figures/deltamap.jpg Graphic file (type jpg)
<use sections/general/figures/deltamap.jpg>
Package luatex.def Info: sections/general/figures/deltamap.jpg  used on input l
ine 100.
(luatex.def)             Requested size: 401.51567pt x 524.64716pt.
[2] [3<./sections/general/figures/deltamap.jpg>]
<sections/c-wq/figures/CEMPStationMap.png, id=153, 746.03719pt x 575.14874pt>
File: sections/c-wq/figures/CEMPStationMap.png Graphic file (type png)
<use sections/c-wq/figures/CEMPStationMap.png>
Package luatex.def Info: sections/c-wq/figures/CEMPStationMap.png  used on inpu
t line 125.
(luatex.def)             Requested size: 328.82655pt x 253.50504pt.
LaTeX Font Info:    Calculating math sizes for size <14> on input line 137.
LaTeX Font Info:    Font shape `TU/latinmodern-math.otf(1)/m/n' will be
(Font)              scaled to size 14.0pt on input line 137.
LaTeX Font Info:    Font shape `TU/latinmodern-math.otf(1)/m/n' will be
(Font)              scaled to size 9.79996pt on input line 137.
LaTeX Font Info:    Font shape `TU/latinmodern-math.otf(2)/m/n' will be
(Font)              scaled to size 14.00128pt on input line 137.
LaTeX Font Info:    Font shape `TU/latinmodern-math.otf(2)/m/n' will be
(Font)              scaled to size 9.80084pt on input line 137.
LaTeX Font Info:    Font shape `TU/latinmodern-math.otf(3)/m/n' will be
(Font)              scaled to size 13.9985pt on input line 137.
LaTeX Font Info:    Font shape `TU/latinmodern-math.otf(3)/m/n' will be
(Font)              scaled to size 9.7989pt on input line 137.

Overfull \hbox (157.35089pt too wide) in paragraph at lines 137--152
 [][] 
 []

[4<./sections/c-wq/figures/CEMPStationMap.png>]
Overfull \hbox (257.17691pt too wide) in paragraph at lines 202--217
 [][] 
 []

<sections/c-wq/figures/2020/Fig4f.png, id=164, 433.62pt x 289.08pt>
File: sections/c-wq/figures/2020/Fig4f.png Graphic file (type png)
<use sections/c-wq/figures/2020/Fig4f.png>
Package luatex.def Info: sections/c-wq/figures/2020/Fig4f.png  used on input li
ne 228.
(luatex.def)             Requested size: 328.84004pt x 219.22668pt.
[5]
Overfull \hbox (426.67894pt too wide) in paragraph at lines 245--258
 [][] 
 []


Overfull \hbox (426.67894pt too wide) in paragraph at lines 270--283
 [][] 
 []

[6
Missing character: There is no μ (U+03BC) in font [lmroman12-regular]:+tlig;!
Missing character: There is no μ (U+03BC) in font [lmroman12-regular]:+tlig;!
Missing character: There is no μ (U+03BC) in font [lmroman10-regular]:+tlig;!
Missing character: There is no μ (U+03BC) in font [lmroman10-regular]:+tlig;!
Missing character: There is no μ (U+03BC) in font [lmroman10-regular]:+tlig;!
Missing character: There is no μ (U+03BC) in font [lmroman10-regular]:+tlig;!
<./sections/c-wq/figures/2020/Fig4f.png>]
Overfull \hbox (426.67894pt too wide) in paragraph at lines 295--308
 [][] 
 []


Overfull \hbox (813.43289pt too wide) in paragraph at lines 320--333
 [][] 
 []

[7
Missing character: There is no μ (U+03BC) in font [lmroman12-regular]:+tlig;!
Missing character: There is no μ (U+03BC) in font [lmroman12-regular]:+tlig;!
Missing character: There is no μ (U+03BC) in font [lmroman12-regular]:+tlig;!
Missing character: There is no μ (U+03BC) in font [lmroman12-regular]:+tlig;!
Missing character: There is no μ (U+03BC) in font [lmroman10-regular]:+tlig;!
Missing character: There is no μ (U+03BC) in font [lmroman10-regular]:+tlig;!
Missing character: There is no μ (U+03BC) in font [lmroman10-regular]:+tlig;!
Missing character: There is no μ (U+03BC) in font [lmroman10-regular]:+tlig;!
Missing character: There is no μ (U+03BC) in font [lmroman12-regular]:+tlig;!
Missing character: There is no μ (U+03BC) in font [lmroman12-regular]:+tlig;!
]
Overfull \hbox (813.43289pt too wide) in paragraph at lines 345--358
 [][] 
 []

<sections/c-wq/figures/2020/Fig2a.png, id=199, 691.6239pt x 483.9681pt>
File: sections/c-wq/figures/2020/Fig2a.png Graphic file (type png)
<use sections/c-wq/figures/2020/Fig2a.png>
Package luatex.def Info: sections/c-wq/figures/2020/Fig2a.png  used on input li
ne 371.
(luatex.def)             Requested size: 328.83081pt x 230.10138pt.
<sections/c-wq/figures/2020/Fig2b.png, id=200, 691.6239pt x 483.9681pt>
File: sections/c-wq/figures/2020/Fig2b.png Graphic file (type png)
<use sections/c-wq/figures/2020/Fig2b.png>
Package luatex.def Info: sections/c-wq/figures/2020/Fig2b.png  used on input li
ne 380.
(luatex.def)             Requested size: 328.83081pt x 230.10138pt.
<sections/c-wq/figures/2020/Fig2c.png, id=201, 691.6239pt x 483.9681pt>
File: sections/c-wq/figures/2020/Fig2c.png Graphic file (type png)
<use sections/c-wq/figures/2020/Fig2c.png>
Package luatex.def Info: sections/c-wq/figures/2020/Fig2c.png  used on input li
ne 389.
(luatex.def)             Requested size: 328.83081pt x 230.10138pt.
<sections/c-wq/figures/2020/Fig2d.png, id=202, 691.6239pt x 483.9681pt>
File: sections/c-wq/figures/2020/Fig2d.png Graphic file (type png)
<use sections/c-wq/figures/2020/Fig2d.png>
Package luatex.def Info: sections/c-wq/figures/2020/Fig2d.png  used on input li
ne 398.
(luatex.def)             Requested size: 328.83081pt x 230.10138pt.
<sections/c-wq/figures/2020/Fig2e.png, id=203, 691.6239pt x 483.9681pt>
File: sections/c-wq/figures/2020/Fig2e.png Graphic file (type png)
<use sections/c-wq/figures/2020/Fig2e.png>
Package luatex.def Info: sections/c-wq/figures/2020/Fig2e.png  used on input li
ne 407.
(luatex.def)             Requested size: 328.83081pt x 230.10138pt.
[8
Missing character: There is no μ (U+03BC) in font [lmroman12-regular]:+tlig;!
Missing character: There is no μ (U+03BC) in font [lmroman12-regular]:+tlig;!
Missing character: There is no μ (U+03BC) in font [lmroman10-regular]:+tlig;!
Missing character: There is no μ (U+03BC) in font [lmroman10-regular]:+tlig;!
<./sections/c-wq/figures/2020/Fig2a.png>] [9<./sections/c-wq/figures/2020/Fig2b.
png><./sections/c-wq/figures/2020/Fig2c.png>] [10<./sections/c-wq/figures/2020/F
ig2d.png><./sections/c-wq/figures/2020/Fig2e.png>]
<sections/c-wq/figures/2020/Fig3a.png, id=233, 691.6239pt x 483.9681pt>
File: sections/c-wq/figures/2020/Fig3a.png Graphic file (type png)
<use sections/c-wq/figures/2020/Fig3a.png>
Package luatex.def Info: sections/c-wq/figures/2020/Fig3a.png  used on input li
ne 425.
(luatex.def)             Requested size: 328.83081pt x 230.10138pt.
<sections/c-wq/figures/2020/Fig3b.png, id=234, 691.6239pt x 483.9681pt>
File: sections/c-wq/figures/2020/Fig3b.png Graphic file (type png)
<use sections/c-wq/figures/2020/Fig3b.png>
Package luatex.def Info: sections/c-wq/figures/2020/Fig3b.png  used on input li
ne 434.
(luatex.def)             Requested size: 328.83081pt x 230.10138pt.
<sections/c-wq/figures/2020/Fig3c.png, id=235, 691.6239pt x 483.9681pt>
File: sections/c-wq/figures/2020/Fig3c.png Graphic file (type png)
<use sections/c-wq/figures/2020/Fig3c.png>
Package luatex.def Info: sections/c-wq/figures/2020/Fig3c.png  used on input li
ne 443.
(luatex.def)             Requested size: 328.83081pt x 230.10138pt.
<sections/c-wq/figures/2020/Fig3d.png, id=236, 691.6239pt x 483.9681pt>
File: sections/c-wq/figures/2020/Fig3d.png Graphic file (type png)
<use sections/c-wq/figures/2020/Fig3d.png>
Package luatex.def Info: sections/c-wq/figures/2020/Fig3d.png  used on input li
ne 452.
(luatex.def)             Requested size: 328.83081pt x 230.10138pt.
<sections/c-wq/figures/2020/Fig3e.png, id=237, 691.6239pt x 483.9681pt>
File: sections/c-wq/figures/2020/Fig3e.png Graphic file (type png)
<use sections/c-wq/figures/2020/Fig3e.png>
Package luatex.def Info: sections/c-wq/figures/2020/Fig3e.png  used on input li
ne 461.
(luatex.def)             Requested size: 328.83081pt x 230.10138pt.
<sections/c-wq/figures/2020/Fig3f.png, id=238, 691.6239pt x 484.6908pt>
File: sections/c-wq/figures/2020/Fig3f.png Graphic file (type png)
<use sections/c-wq/figures/2020/Fig3f.png>
Package luatex.def Info: sections/c-wq/figures/2020/Fig3f.png  used on input li
ne 470.
(luatex.def)             Requested size: 328.83081pt x 230.44499pt.
<sections/c-wq/figures/2020/Fig4a.png, id=239, 691.6239pt x 483.9681pt>
File: sections/c-wq/figures/2020/Fig4a.png Graphic file (type png)
<use sections/c-wq/figures/2020/Fig4a.png>
Package luatex.def Info: sections/c-wq/figures/2020/Fig4a.png  used on input li
ne 486.
(luatex.def)             Requested size: 328.83081pt x 230.10138pt.
<sections/c-wq/figures/2020/Fig4b.png, id=240, 691.6239pt x 483.9681pt>
File: sections/c-wq/figures/2020/Fig4b.png Graphic file (type png)
<use sections/c-wq/figures/2020/Fig4b.png>
Package luatex.def Info: sections/c-wq/figures/2020/Fig4b.png  used on input li
ne 495.
(luatex.def)             Requested size: 328.83081pt x 230.10138pt.
<sections/c-wq/figures/2020/Fig4c.png, id=241, 691.6239pt x 483.9681pt>
File: sections/c-wq/figures/2020/Fig4c.png Graphic file (type png)
<use sections/c-wq/figures/2020/Fig4c.png>
Package luatex.def Info: sections/c-wq/figures/2020/Fig4c.png  used on input li
ne 504.
(luatex.def)             Requested size: 328.83081pt x 230.10138pt.
<sections/c-wq/figures/2020/Fig4d.png, id=242, 691.6239pt x 483.9681pt>
File: sections/c-wq/figures/2020/Fig4d.png Graphic file (type png)
<use sections/c-wq/figures/2020/Fig4d.png>
Package luatex.def Info: sections/c-wq/figures/2020/Fig4d.png  used on input li
ne 513.
(luatex.def)             Requested size: 328.83081pt x 230.10138pt.
<sections/c-wq/figures/2020/Fig4e.png, id=243, 691.6239pt x 483.9681pt>
File: sections/c-wq/figures/2020/Fig4e.png Graphic file (type png)
<use sections/c-wq/figures/2020/Fig4e.png>
Package luatex.def Info: sections/c-wq/figures/2020/Fig4e.png  used on input li
ne 522.
(luatex.def)             Requested size: 328.83081pt x 230.10138pt.
<sections/c-wq/figures/2020/Fig5a.png, id=244, 691.6239pt x 483.9681pt>
File: sections/c-wq/figures/2020/Fig5a.png Graphic file (type png)
<use sections/c-wq/figures/2020/Fig5a.png>
Package luatex.def Info: sections/c-wq/figures/2020/Fig5a.png  used on input li
ne 536.
(luatex.def)             Requested size: 328.83081pt x 230.10138pt.
<sections/c-wq/figures/2020/Fig5b.png, id=245, 691.6239pt x 483.9681pt>
File: sections/c-wq/figures/2020/Fig5b.png Graphic file (type png)
<use sections/c-wq/figures/2020/Fig5b.png>
Package luatex.def Info: sections/c-wq/figures/2020/Fig5b.png  used on input li
ne 545.
(luatex.def)             Requested size: 328.83081pt x 230.10138pt.
<sections/c-wq/figures/2020/Fig5c.png, id=246, 691.6239pt x 483.9681pt>
File: sections/c-wq/figures/2020/Fig5c.png Graphic file (type png)
<use sections/c-wq/figures/2020/Fig5c.png>
Package luatex.def Info: sections/c-wq/figures/2020/Fig5c.png  used on input li
ne 554.
(luatex.def)             Requested size: 328.83081pt x 230.10138pt.
<sections/c-wq/figures/2020/Fig5d.png, id=247, 691.6239pt x 483.9681pt>
File: sections/c-wq/figures/2020/Fig5d.png Graphic file (type png)
<use sections/c-wq/figures/2020/Fig5d.png>
Package luatex.def Info: sections/c-wq/figures/2020/Fig5d.png  used on input li
ne 563.
(luatex.def)             Requested size: 328.83081pt x 230.10138pt.
<sections/c-wq/figures/2020/Fig5e.png, id=248, 691.6239pt x 483.9681pt>
File: sections/c-wq/figures/2020/Fig5e.png Graphic file (type png)
<use sections/c-wq/figures/2020/Fig5e.png>
Package luatex.def Info: sections/c-wq/figures/2020/Fig5e.png  used on input li
ne 572.
(luatex.def)             Requested size: 328.83081pt x 230.10138pt.
<sections/c-wq/figures/2020/Fig6a.png, id=249, 691.6239pt x 484.6908pt>
File: sections/c-wq/figures/2020/Fig6a.png Graphic file (type png)
<use sections/c-wq/figures/2020/Fig6a.png>
Package luatex.def Info: sections/c-wq/figures/2020/Fig6a.png  used on input li
ne 586.
(luatex.def)             Requested size: 328.83081pt x 230.44499pt.
<sections/c-wq/figures/2020/Fig6b.png, id=250, 691.6239pt x 484.6908pt>
File: sections/c-wq/figures/2020/Fig6b.png Graphic file (type png)
<use sections/c-wq/figures/2020/Fig6b.png>
Package luatex.def Info: sections/c-wq/figures/2020/Fig6b.png  used on input li
ne 595.
(luatex.def)             Requested size: 328.83081pt x 230.44499pt.
<sections/c-wq/figures/2020/Fig6c.png, id=251, 691.6239pt x 483.9681pt>
File: sections/c-wq/figures/2020/Fig6c.png Graphic file (type png)
<use sections/c-wq/figures/2020/Fig6c.png>
Package luatex.def Info: sections/c-wq/figures/2020/Fig6c.png  used on input li
ne 604.
(luatex.def)             Requested size: 328.83081pt x 230.10138pt.
<sections/c-wq/figures/2020/Fig6d.png, id=252, 691.6239pt x 484.6908pt>
File: sections/c-wq/figures/2020/Fig6d.png Graphic file (type png)
<use sections/c-wq/figures/2020/Fig6d.png>
Package luatex.def Info: sections/c-wq/figures/2020/Fig6d.png  used on input li
ne 613.
(luatex.def)             Requested size: 328.83081pt x 230.44499pt.
<sections/c-wq/figures/2020/Fig6e.png, id=253, 691.6239pt x 483.9681pt>
File: sections/c-wq/figures/2020/Fig6e.png Graphic file (type png)
<use sections/c-wq/figures/2020/Fig6e.png>
Package luatex.def Info: sections/c-wq/figures/2020/Fig6e.png  used on input li
ne 622.
(luatex.def)             Requested size: 328.83081pt x 230.10138pt.
<sections/c-wq/figures/2020/Fig7a.png, id=254, 691.6239pt x 483.9681pt>
File: sections/c-wq/figures/2020/Fig7a.png Graphic file (type png)
<use sections/c-wq/figures/2020/Fig7a.png>
Package luatex.def Info: sections/c-wq/figures/2020/Fig7a.png  used on input li
ne 638.
(luatex.def)             Requested size: 328.83081pt x 230.10138pt.
[11<./sections/c-wq/figures/2020/Fig3a.png>] [12<./sections/c-wq/figures/2020/Fi
g3b.png><./sections/c-wq/figures/2020/Fig3c.png>] [13<./sections/c-wq/figures/20
20/Fig3d.png><./sections/c-wq/figures/2020/Fig3e.png>] [14<./sections/c-wq/figur
es/2020/Fig3f.png><./sections/c-wq/figures/2020/Fig4a.png>] [15<./sections/c-wq/
figures/2020/Fig4b.png><./sections/c-wq/figures/2020/Fig4c.png>] [16<./sections/
c-wq/figures/2020/Fig4d.png><./sections/c-wq/figures/2020/Fig4e.png>] [17<./sect
ions/c-wq/figures/2020/Fig5a.png><./sections/c-wq/figures/2020/Fig5b.png>] [18<.
/sections/c-wq/figures/2020/Fig5c.png><./sections/c-wq/figures/2020/Fig5d.png>]
[19<./sections/c-wq/figures/2020/Fig5e.png><./sections/c-wq/figures/2020/Fig6a.p
ng>] [20<./sections/c-wq/figures/2020/Fig6b.png><./sections/c-wq/figures/2020/Fi
g6c.png>] [21<./sections/c-wq/figures/2020/Fig6d.png><./sections/c-wq/figures/20
20/Fig6e.png>]
<sections/c-wq/figures/2020/Fig7b.png, id=352, 691.6239pt x 483.9681pt>
File: sections/c-wq/figures/2020/Fig7b.png Graphic file (type png)
<use sections/c-wq/figures/2020/Fig7b.png>
Package luatex.def Info: sections/c-wq/figures/2020/Fig7b.png  used on input li
ne 647.
(luatex.def)             Requested size: 328.83081pt x 230.10138pt.
<sections/c-wq/figures/2020/Fig7c.png, id=353, 691.6239pt x 483.9681pt>
File: sections/c-wq/figures/2020/Fig7c.png Graphic file (type png)
<use sections/c-wq/figures/2020/Fig7c.png>
Package luatex.def Info: sections/c-wq/figures/2020/Fig7c.png  used on input li
ne 656.
(luatex.def)             Requested size: 328.83081pt x 230.10138pt.
<sections/c-wq/figures/2020/Fig7d.png, id=354, 691.6239pt x 483.9681pt>
File: sections/c-wq/figures/2020/Fig7d.png Graphic file (type png)
<use sections/c-wq/figures/2020/Fig7d.png>
Package luatex.def Info: sections/c-wq/figures/2020/Fig7d.png  used on input li
ne 665.
(luatex.def)             Requested size: 328.83081pt x 230.10138pt.
<sections/c-wq/figures/2020/Fig7e.png, id=355, 691.6239pt x 483.9681pt>
File: sections/c-wq/figures/2020/Fig7e.png Graphic file (type png)
<use sections/c-wq/figures/2020/Fig7e.png>
Package luatex.def Info: sections/c-wq/figures/2020/Fig7e.png  used on input li
ne 674.
(luatex.def)             Requested size: 328.83081pt x 230.10138pt.
[22<./sections/c-wq/figures/2020/Fig7a.png>] [23<./sections/c-wq/figures/2020/Fi
g7b.png><./sections/c-wq/figures/2020/Fig7c.png>] [24<./sections/c-wq/figures/20
20/Fig7d.png><./sections/c-wq/figures/2020/Fig7e.png>]
<sections/d-wq/figures/d-wq_station_map.jpg, id=387, 794.97pt x 520.344pt>
File: sections/d-wq/figures/d-wq_station_map.jpg Graphic file (type jpg)
<use sections/d-wq/figures/d-wq_station_map.jpg>
Package luatex.def Info: sections/d-wq/figures/d-wq_station_map.jpg  used on in
put line 743.
(luatex.def)             Requested size: 795.00444pt x 520.36653pt.

Overfull \hbox (325.24942pt too wide) in paragraph at lines 743--744
 [][] 
 []

[25] [26<./sections/d-wq/figures/d-wq_station_map.jpg>]
<sections/d-wq/figures/ARGraph_SpCndSurface.jpg, id=408, 686.565pt x 758.835pt>

File: sections/d-wq/figures/ARGraph_SpCndSurface.jpg Graphic file (type jpg)
<use sections/d-wq/figures/ARGraph_SpCndSurface.jpg>
Package luatex.def Info: sections/d-wq/figures/ARGraph_SpCndSurface.jpg  used o
n input line 764.
(luatex.def)             Requested size: 588.4963pt x 650.4433pt.

Overfull \hbox (118.74129pt too wide) in paragraph at lines 764--765
 [][] 
 []


LaTeX Warning: Float too large for page by 36.07329pt on input line 769.

<sections/d-wq/figures/ARGraph_TurbiditySurface.jpg, id=409, 686.565pt x 758.83
5pt>
File: sections/d-wq/figures/ARGraph_TurbiditySurface.jpg Graphic file (type jpg
)
<use sections/d-wq/figures/ARGraph_TurbiditySurface.jpg>
Package luatex.def Info: sections/d-wq/figures/ARGraph_TurbiditySurface.jpg  us
ed on input line 780.
(luatex.def)             Requested size: 588.4963pt x 650.4433pt.

Overfull \hbox (118.74129pt too wide) in paragraph at lines 780--781
 [][] 
 []


LaTeX Warning: Float too large for page by 24.07329pt on input line 785.

<sections/d-wq/figures/ARGraph_DissAmmonia.jpg, id=410, 686.565pt x 758.835pt>
File: sections/d-wq/figures/ARGraph_DissAmmonia.jpg Graphic file (type jpg)
<use sections/d-wq/figures/ARGraph_DissAmmonia.jpg>
Package luatex.def Info: sections/d-wq/figures/ARGraph_DissAmmonia.jpg  used on
 input line 796.
(luatex.def)             Requested size: 588.4963pt x 650.4433pt.

Overfull \hbox (118.74129pt too wide) in paragraph at lines 796--797
 [][] 
 []


LaTeX Warning: Float too large for page by 46.12329pt on input line 801.

<sections/d-wq/figures/ARGraph_Chla.jpg, id=411, 686.565pt x 758.835pt>
File: sections/d-wq/figures/ARGraph_Chla.jpg Graphic file (type jpg)
<use sections/d-wq/figures/ARGraph_Chla.jpg>
Package luatex.def Info: sections/d-wq/figures/ARGraph_Chla.jpg  used on input 
line 812.
(luatex.def)             Requested size: 588.4963pt x 650.4433pt.

Overfull \hbox (118.74129pt too wide) in paragraph at lines 812--813
 [][] 
 []


LaTeX Warning: Float too large for page by 46.12329pt on input line 817.

[27
Missing character: There is no μ (U+03BC) in font [lmroman10-regular]:+tlig;!
Missing character: There is no μ (U+03BC) in font [lmroman10-regular]:+tlig;!
Missing character: There is no μ (U+03BC) in font [lmroman10-regular]:+tlig;!
Missing character: There is no μ (U+03BC) in font [lmroman10-regular]:+tlig;!
Missing character: There is no ≤ (U+2264) in font [lmroman10-regular]:+tlig;!
] [28<./sections/d-wq/figures/ARGraph_SpCndSurface.jpg>] [29<./sections/d-wq/fig
ures/ARGraph_TurbiditySurface.jpg>] [30<./sections/d-wq/figures/ARGraph_DissAmmo
nia.jpg>] [31<./sections/d-wq/figures/ARGraph_Chla.jpg>]
<sections/d-wq/figures/ARGraph_DissNitrateNitrite.jpg, id=444, 686.565pt x 758.
835pt>
File: sections/d-wq/figures/ARGraph_DissNitrateNitrite.jpg Graphic file (type j
pg)
<use sections/d-wq/figures/ARGraph_DissNitrateNitrite.jpg>
Package luatex.def Info: sections/d-wq/figures/ARGraph_DissNitrateNitrite.jpg  
used on input line 828.
(luatex.def)             Requested size: 588.4963pt x 650.4433pt.

Overfull \hbox (118.74129pt too wide) in paragraph at lines 828--829
 [][] 
 []


LaTeX Warning: Float too large for page by 46.12329pt on input line 833.

<sections/d-wq/figures/ARGraph_TotPhos.jpg, id=445, 686.565pt x 758.835pt>
File: sections/d-wq/figures/ARGraph_TotPhos.jpg Graphic file (type jpg)
<use sections/d-wq/figures/ARGraph_TotPhos.jpg>
Package luatex.def Info: sections/d-wq/figures/ARGraph_TotPhos.jpg  used on inp
ut line 844.
(luatex.def)             Requested size: 588.4963pt x 650.4433pt.

Overfull \hbox (118.74129pt too wide) in paragraph at lines 844--845
 [][] 
 []


LaTeX Warning: Float too large for page by 46.12329pt on input line 849.


Package hyperref Warning: Suppressing link with empty target on input line 858.


[32
Missing character: There is no ≤ (U+2264) in font [lmroman10-regular]:+tlig;!
] [33<./sections/d-wq/figures/ARGraph_DissNitrateNitrite.jpg>] [34<./sections/d-
wq/figures/ARGraph_TotPhos.jpg>]
<sections/benthic/figures/Benthic_Historic_Map.png, id=473, 583.4598pt x 527.08
92pt>
File: sections/benthic/figures/Benthic_Historic_Map.png Graphic file (type png)

<use sections/benthic/figures/Benthic_Historic_Map.png>
Package luatex.def Info: sections/benthic/figures/Benthic_Historic_Map.png  use
d on input line 887.
(luatex.def)             Requested size: 328.83633pt x 297.06602pt.
[35<./sections/benthic/figures/Benthic_Historic_Map.png>] [36] [37]
<sections/benthic/figures/Benthic_Active_Map.png, id=507, 580.0872pt x 525.8847
pt>
File: sections/benthic/figures/Benthic_Active_Map.png Graphic file (type png)
<use sections/benthic/figures/Benthic_Active_Map.png>
Package luatex.def Info: sections/benthic/figures/Benthic_Active_Map.png  used 
on input line 956.
(luatex.def)             Requested size: 328.8386pt x 298.11241pt.
[38<./sections/benthic/figures/Benthic_Active_Map.png>]
<sections/benthic/figures/Table1_species_list.png, id=517, 408.52625pt x 366.36
874pt>
File: sections/benthic/figures/Table1_species_list.png Graphic file (type png)
<use sections/benthic/figures/Table1_species_list.png>
Package luatex.def Info: sections/benthic/figures/Table1_species_list.png  used
 on input line 976.
(luatex.def)             Requested size: 328.84737pt x 294.91225pt.
[39<./sections/benthic/figures/Table1_species_list.png>]
<sections/benthic/figures/Fig10_D41.png, id=529, 433.62pt x 252.945pt>
File: sections/benthic/figures/Fig10_D41.png Graphic file (type png)
<use sections/benthic/figures/Fig10_D41.png>
Package luatex.def Info: sections/benthic/figures/Fig10_D41.png  used on input 
line 996.
(luatex.def)             Requested size: 328.84004pt x 191.82335pt.
<sections/benthic/figures/Fig11_D41A.png, id=530, 433.62pt x 252.945pt>
File: sections/benthic/figures/Fig11_D41A.png Graphic file (type png)
<use sections/benthic/figures/Fig11_D41A.png>
Package luatex.def Info: sections/benthic/figures/Fig11_D41A.png  used on input
 line 1005.
(luatex.def)             Requested size: 328.84004pt x 191.82335pt.
<sections/benthic/figures/Fig8_D6.png, id=531, 433.62pt x 252.945pt>
File: sections/benthic/figures/Fig8_D6.png Graphic file (type png)
<use sections/benthic/figures/Fig8_D6.png>
Package luatex.def Info: sections/benthic/figures/Fig8_D6.png  used on input li
ne 1021.
(luatex.def)             Requested size: 328.84004pt x 191.82335pt.
[40<./sections/benthic/figures/Fig10_D41.png><./sections/benthic/figures/Fig11_D
41A.png>]
<sections/benthic/figures/Fig9_D7.png, id=542, 433.62pt x 252.945pt>
File: sections/benthic/figures/Fig9_D7.png Graphic file (type png)
<use sections/benthic/figures/Fig9_D7.png>
Package luatex.def Info: sections/benthic/figures/Fig9_D7.png  used on input li
ne 1030.
(luatex.def)             Requested size: 328.84004pt x 191.82335pt.
<sections/benthic/figures/Fig7_D4.png, id=543, 433.62pt x 252.945pt>
File: sections/benthic/figures/Fig7_D4.png Graphic file (type png)
<use sections/benthic/figures/Fig7_D4.png>
Package luatex.def Info: sections/benthic/figures/Fig7_D4.png  used on input li
ne 1046.
(luatex.def)             Requested size: 328.84004pt x 191.82335pt.
[41<./sections/benthic/figures/Fig8_D6.png><./sections/benthic/figures/Fig9_D7.p
ng>]
<sections/benthic/figures/Fig2_D24.png, id=556, 433.62pt x 252.945pt>
File: sections/benthic/figures/Fig2_D24.png Graphic file (type png)
<use sections/benthic/figures/Fig2_D24.png>
Package luatex.def Info: sections/benthic/figures/Fig2_D24.png  used on input l
ine 1066.
(luatex.def)             Requested size: 328.84004pt x 191.82335pt.
<sections/benthic/figures/Fig3_D16.png, id=557, 433.62pt x 252.945pt>
File: sections/benthic/figures/Fig3_D16.png Graphic file (type png)
<use sections/benthic/figures/Fig3_D16.png>
Package luatex.def Info: sections/benthic/figures/Fig3_D16.png  used on input l
ine 1075.
(luatex.def)             Requested size: 328.84004pt x 191.82335pt.
<sections/benthic/figures/Fig4_D28A.png, id=558, 433.62pt x 252.945pt>
File: sections/benthic/figures/Fig4_D28A.png Graphic file (type png)
<use sections/benthic/figures/Fig4_D28A.png>
Package luatex.def Info: sections/benthic/figures/Fig4_D28A.png  used on input 
line 1084.
(luatex.def)             Requested size: 328.84004pt x 191.82335pt.
[42<./sections/benthic/figures/Fig7_D4.png><./sections/benthic/figures/Fig2_D24.
png>] [43<./sections/benthic/figures/Fig3_D16.png><./sections/benthic/figures/Fi
g4_D28A.png>]
<sections/benthic/figures/Fig5_P8.png, id=576, 433.62pt x 252.945pt>
File: sections/benthic/figures/Fig5_P8.png Graphic file (type png)
<use sections/benthic/figures/Fig5_P8.png>
Package luatex.def Info: sections/benthic/figures/Fig5_P8.png  used on input li
ne 1102.
(luatex.def)             Requested size: 328.84004pt x 191.82335pt.
<sections/benthic/figures/Fig6_C9.png, id=577, 433.62pt x 252.945pt>
File: sections/benthic/figures/Fig6_C9.png Graphic file (type png)
<use sections/benthic/figures/Fig6_C9.png>
Package luatex.def Info: sections/benthic/figures/Fig6_C9.png  used on input li
ne 1111.
(luatex.def)             Requested size: 328.84004pt x 191.82335pt.
[44<./sections/benthic/figures/Fig5_P8.png><./sections/benthic/figures/Fig6_C9.p
ng>]

Package hyperref Warning: Suppressing link with empty target on input line 1133
.

[45] [46] [47]
<sections/phyto/figures/phyto_map.png, id=620, 718.93594pt x 525.46312pt>
File: sections/phyto/figures/phyto_map.png Graphic file (type png)
<use sections/phyto/figures/phyto_map.png>
Package luatex.def Info: sections/phyto/figures/phyto_map.png  used on input li
ne 1235.
(luatex.def)             Requested size: 328.83867pt x 240.34491pt.
[48]
<sections/phyto/figures/community_comp.png, id=633, 745.49658pt x 415.18872pt>
File: sections/phyto/figures/community_comp.png Graphic file (type png)
<use sections/phyto/figures/community_comp.png>
Package luatex.def Info: sections/phyto/figures/community_comp.png  used on inp
ut line 1309.
(luatex.def)             Requested size: 328.83853pt x 183.13972pt.
[49<./sections/phyto/figures/phyto_map.png>]
<sections/phyto/figures/NID_chla_pheo.png, id=646, 791.57477pt x 440.89551pt>
File: sections/phyto/figures/NID_chla_pheo.png Graphic file (type png)
<use sections/phyto/figures/NID_chla_pheo.png>
Package luatex.def Info: sections/phyto/figures/NID_chla_pheo.png  used on inpu
t line 1336.
(luatex.def)             Requested size: 328.82353pt x 183.14986pt.
<sections/phyto/figures/NID_phyto.png, id=647, 795.45503pt x 442.3506pt>
File: sections/phyto/figures/NID_phyto.png Graphic file (type png)
<use sections/phyto/figures/NID_phyto.png>
Package luatex.def Info: sections/phyto/figures/NID_phyto.png  used on input li
ne 1345.
(luatex.def)             Requested size: 328.83324pt x 182.86336pt.
[50
Missing character: There is no μ (U+03BC) in font [lmroman10-regular]:+tlig;!
Missing character: There is no μ (U+03BC) in font [lmroman10-regular]:+tlig;!
Missing character: There is no μ (U+03BC) in font [lmroman10-regular]:+tlig;!
Missing character: There is no μ (U+03BC) in font [lmroman10-regular]:+tlig;!
Missing character: There is no μ (U+03BC) in font [lmroman10-regular]:+tlig;!
Missing character: There is no μ (U+03BC) in font [lmroman10-regular]:+tlig;!
Missing character: There is no μ (U+03BC) in font [lmroman10-regular]:+tlig;!
Missing character: There is no μ (U+03BC) in font [lmroman10-regular]:+tlig;!
Missing character: There is no μ (U+03BC) in font [lmroman10-regular]:+tlig;!
Missing character: There is no μ (U+03BC) in font [lmroman10-regular]:+tlig;!
Missing character: There is no μ (U+03BC) in font [lmroman10-regular]:+tlig;!
Missing character: There is no μ (U+03BC) in font [lmroman10-regular]:+tlig;!
Missing character: There is no μ (U+03BC) in font [lmroman10-regular]:+tlig;!
Missing character: There is no μ (U+03BC) in font [lmroman10-regular]:+tlig;!
Missing character: There is no μ (U+03BC) in font [lmroman10-regular]:+tlig;!
Missing character: There is no μ (U+03BC) in font [lmroman10-regular]:+tlig;!
Missing character: There is no μ (U+03BC) in font [lmroman10-regular]:+tlig;!
Missing character: There is no μ (U+03BC) in font [lmroman10-regular]:+tlig;!
Missing character: There is no μ (U+03BC) in font [lmroman10-regular]:+tlig;!
Missing character: There is no μ (U+03BC) in font [lmroman10-regular]:+tlig;!
<./sections/phyto/figures/community_comp.png>] [51<./sections/phyto/figures/NID_
chla_pheo.png><./sections/phyto/figures/NID_phyto.png>]
<sections/phyto/figures/SID_chla_pheo.png, id=667, 753.74214pt x 420.03906pt>
File: sections/phyto/figures/SID_chla_pheo.png Graphic file (type png)
<use sections/phyto/figures/SID_chla_pheo.png>
Package luatex.def Info: sections/phyto/figures/SID_chla_pheo.png  used on inpu
t line 1363.
(luatex.def)             Requested size: 328.82979pt x 183.24748pt.
<sections/phyto/figures/SID_phyto.png, id=668, 744.04147pt x 414.21866pt>
File: sections/phyto/figures/SID_phyto.png Graphic file (type png)
<use sections/phyto/figures/SID_phyto.png>
Package luatex.def Info: sections/phyto/figures/SID_phyto.png  used on input li
ne 1372.
(luatex.def)             Requested size: 328.8211pt x 183.05946pt.
[52<./sections/phyto/figures/SID_chla_pheo.png><./sections/phyto/figures/SID_phy
to.png>]
<sections/phyto/figures/CED_chla_pheo.png, id=679, 801.27544pt x 446.23087pt>
File: sections/phyto/figures/CED_chla_pheo.png Graphic file (type png)
<use sections/phyto/figures/CED_chla_pheo.png>
Package luatex.def Info: sections/phyto/figures/CED_chla_pheo.png  used on inpu
t line 1390.
(luatex.def)             Requested size: 328.83072pt x 183.12605pt.
<sections/phyto/figures/CED_phyto.png, id=680, 832.31758pt x 463.69208pt>
File: sections/phyto/figures/CED_phyto.png Graphic file (type png)
<use sections/phyto/figures/CED_phyto.png>
Package luatex.def Info: sections/phyto/figures/CED_phyto.png  used on input li
ne 1399.
(luatex.def)             Requested size: 328.81898pt x 183.18819pt.
[53<./sections/phyto/figures/CED_chla_pheo.png><./sections/phyto/figures/CED_phy
to.png>]
<sections/phyto/figures/CON_chla_pheo.png, id=692, 804.18564pt x 448.171pt>
File: sections/phyto/figures/CON_chla_pheo.png Graphic file (type png)
<use sections/phyto/figures/CON_chla_pheo.png>
Package luatex.def Info: sections/phyto/figures/CON_chla_pheo.png  used on inpu
t line 1417.
(luatex.def)             Requested size: 328.83473pt x 183.25893pt.
<sections/phyto/figures/CON_phyto.png, id=693, 817.76657pt x 455.93155pt>
File: sections/phyto/figures/CON_phyto.png Graphic file (type png)
<use sections/phyto/figures/CON_phyto.png>
Package luatex.def Info: sections/phyto/figures/CON_phyto.png  used on input li
ne 1426.
(luatex.def)             Requested size: 328.82281pt x 183.32944pt.
[54<./sections/phyto/figures/CON_chla_pheo.png><./sections/phyto/figures/CON_phy
to.png>]
<sections/phyto/figures/GSB_chla_pheo.png, id=704, 792.54483pt x 441.38054pt>
File: sections/phyto/figures/GSB_chla_pheo.png Graphic file (type png)
<use sections/phyto/figures/GSB_chla_pheo.png>
Package luatex.def Info: sections/phyto/figures/GSB_chla_pheo.png  used on inpu
t line 1444.
(luatex.def)             Requested size: 328.82741pt x 183.12909pt.
<sections/phyto/figures/GSB_phyto.png, id=705, 774.11356pt x 431.19484pt>
File: sections/phyto/figures/GSB_phyto.png Graphic file (type png)
<use sections/phyto/figures/GSB_phyto.png>
Package luatex.def Info: sections/phyto/figures/GSB_phyto.png  used on input li
ne 1453.
(luatex.def)             Requested size: 328.83444pt x 183.16655pt.
[55<./sections/phyto/figures/GSB_chla_pheo.png><./sections/phyto/figures/GSB_phy
to.png>]
<sections/phyto/figures/SPB_chla_pheo.png, id=716, 785.75436pt x 437.50027pt>
File: sections/phyto/figures/SPB_chla_pheo.png Graphic file (type png)
<use sections/phyto/figures/SPB_chla_pheo.png>
Package luatex.def Info: sections/phyto/figures/SPB_chla_pheo.png  used on inpu
t line 1471.
(luatex.def)             Requested size: 328.8276pt x 183.08797pt.
<sections/phyto/figures/SPB_phyto.png, id=717, 797.39517pt x 443.80571pt>
File: sections/phyto/figures/SPB_phyto.png Graphic file (type png)
<use sections/phyto/figures/SPB_phyto.png>
Package luatex.def Info: sections/phyto/figures/SPB_phyto.png  used on input li
ne 1480.
(luatex.def)             Requested size: 328.83223pt x 183.01793pt.
[56<./sections/phyto/figures/SPB_chla_pheo.png><./sections/phyto/figures/SPB_phy
to.png>] [57]
<sections/zoop/figures/zoop-map.png, id=741, 623.4492pt x 530.4618pt>
File: sections/zoop/figures/zoop-map.png Graphic file (type png)
<use sections/zoop/figures/zoop-map.png>
Package luatex.def Info: sections/zoop/figures/zoop-map.png  used on input line
 1538.
(luatex.def)             Requested size: 328.82831pt x 279.78358pt.
[58] [59<./sections/zoop/figures/zoop-map.png>]
<sections/zoop/figures/calanoid-copepods-cpue.png, id=761, 722.7pt x 1011.78pt>

File: sections/zoop/figures/calanoid-copepods-cpue.png Graphic file (type png)
<use sections/zoop/figures/calanoid-copepods-cpue.png>
Package luatex.def Info: sections/zoop/figures/calanoid-copepods-cpue.png  used
 on input line 1569.
(luatex.def)             Requested size: 328.82901pt x 460.36063pt.
<sections/zoop/figures/calanoid-copepods-cpue-region.png, id=762, 1011.78pt x 1
011.78pt>
File: sections/zoop/figures/calanoid-copepods-cpue-region.png Graphic file (typ
e png)
<use sections/zoop/figures/calanoid-copepods-cpue-region.png>
Package luatex.def Info: sections/zoop/figures/calanoid-copepods-cpue-region.pn
g  used on input line 1578.
(luatex.def)             Requested size: 328.8246pt x 328.8246pt.
[60] [61<./sections/zoop/figures/calanoid-copepods-cpue.png>] [62<./sections/zoo
p/figures/calanoid-copepods-cpue-region.png>]
<sections/zoop/figures/cyclopoid-copepods-cpue.png, id=784, 722.7pt x 1011.78pt
>
File: sections/zoop/figures/cyclopoid-copepods-cpue.png Graphic file (type png)

<use sections/zoop/figures/cyclopoid-copepods-cpue.png>
Package luatex.def Info: sections/zoop/figures/cyclopoid-copepods-cpue.png  use
d on input line 1603.
(luatex.def)             Requested size: 328.82901pt x 460.36063pt.
<sections/zoop/figures/final-figure.png, id=785, 722.7pt x 1011.78pt>
File: sections/zoop/figures/final-figure.png Graphic file (type png)
<use sections/zoop/figures/final-figure.png>
Package luatex.def Info: sections/zoop/figures/final-figure.png  used on input 
line 1626.
(luatex.def)             Requested size: 328.82901pt x 460.36063pt.
[63] [64<./sections/zoop/figures/cyclopoid-copepods-cpue.png>] [65<./sections/zo
op/figures/final-figure.png>] [66] [67] (./EMP-Reports.aux)
Package rerunfilecheck Info: File `EMP-Reports.out' has not changed.
(rerunfilecheck)             Checksum: CC2EAC3BDAABA510E5B2F8B49859C2A5;3062.
)

Here is how much of LuaTeX's memory you used:
 19137 strings out of 478112
 125007,953878 words of node,token memory allocated
 569 words of node memory still in use:
   6 hlist, 2 vlist, 2 rule, 2 glue, 4 kern, 1 glyph, 11 attribute, 59 glue_spec
, 11 attribute_list, 1 write, 5 pdf_action nodes
   avail lists: 2:1092,3:391,4:101,5:754,6:95,7:12943,8:79,9:664,10:23,11:1184
 37899 multiletter control sequences out of 65536+600000
 85 fonts using 18944123 bytes
 87i,8n,120p,1675b,402s stack positions out of 5000i,500n,10000p,200000b,80000s
<c:/Users/sperry/AppData/Roaming/TinyTeX/texmf-dist/fonts/opentype/public/lm-mat
h/latinmodern-math.otf><c:/Users/sperry/AppData/Roaming/TinyTeX/texmf-dist/fonts
/opentype/public/lm-math/latinmodern-math.otf><c:/Users/sperry/AppData/Roaming/T
inyTeX/texmf-dist/fonts/opentype/public/lm/lmroman7-regular.otf><c:/Users/sperry
/AppData/Roaming/TinyTeX/texmf-dist/fonts/opentype/public/lm/lmroman10-italic.ot
f><c:/Users/sperry/AppData/Roaming/TinyTeX/texmf-dist/fonts/opentype/public/lm/l
mroman12-regular.otf><c:/Users/sperry/AppData/Roaming/TinyTeX/texmf-dist/fonts/o
pentype/public/lm/lmroman10-regular.otf><c:/Users/sperry/AppData/Roaming/TinyTeX
/texmf-dist/fonts/opentype/public/lm/lmroman10-bold.otf><c:/Users/sperry/AppData
/Roaming/TinyTeX/texmf-dist/fonts/opentype/public/lm/lmroman12-bold.otf><c:/User
s/sperry/AppData/Roaming/TinyTeX/texmf-dist/fonts/opentype/public/lm/lmroman17-r
egular.otf>
Output written on EMP-Reports.pdf (67 pages, 19166535 bytes).

PDF statistics: 898 PDF objects out of 1000 (max. 8388607)
 661 compressed objects within 7 object streams
 343 named destinations out of 1000 (max. 131072)
 185 words of extra memory for PDF output out of 10000 (max. 100000000)

